mode: set
assets-api-go/internal/services/asset_service.go:25.93,27.2 1 1
assets-api-go/internal/services/asset_service.go:29.101,35.16 2 1
assets-api-go/internal/services/asset_service.go:35.16,41.3 2 1
assets-api-go/internal/services/asset_service.go:43.2,43.18 1 1
assets-api-go/internal/services/asset_service.go:43.18,48.3 1 1
assets-api-go/internal/services/asset_service.go:50.2,51.16 2 1
assets-api-go/internal/services/asset_service.go:51.16,57.3 2 1
assets-api-go/internal/services/asset_service.go:58.2,65.16 3 1
assets-api-go/internal/services/asset_service.go:65.16,68.17 3 1
assets-api-go/internal/services/asset_service.go:68.17,70.4 1 1
assets-api-go/internal/services/asset_service.go:71.3,74.4 1 1
assets-api-go/internal/services/asset_service.go:77.2,78.16 2 1
assets-api-go/internal/services/asset_service.go:78.16,81.17 3 1
assets-api-go/internal/services/asset_service.go:81.17,83.4 1 1
assets-api-go/internal/services/asset_service.go:84.3,87.4 1 1
assets-api-go/internal/services/asset_service.go:90.2,103.3 2 1
assets-api-go/internal/services/asset_service.go:106.87,111.16 2 1
assets-api-go/internal/services/asset_service.go:111.16,117.3 2 1
assets-api-go/internal/services/asset_service.go:119.2,119.18 1 1
assets-api-go/internal/services/asset_service.go:119.18,124.3 1 1
assets-api-go/internal/services/asset_service.go:126.2,139.3 2 1
assets-api-go/internal/services/asset_service.go:142.107,145.16 2 1
assets-api-go/internal/services/asset_service.go:145.16,153.3 2 1
assets-api-go/internal/services/asset_service.go:155.2,156.27 2 1
assets-api-go/internal/services/asset_service.go:156.27,166.3 1 1
assets-api-go/internal/services/asset_service.go:167.2,169.39 3 1
assets-api-go/internal/services/asset_service.go:169.39,171.3 1 1
assets-api-go/internal/services/asset_service.go:172.2,173.34 2 1
assets-api-go/internal/services/asset_service.go:176.112,180.16 2 1
assets-api-go/internal/services/asset_service.go:180.16,186.3 2 1
assets-api-go/internal/services/asset_service.go:188.2,188.18 1 1
assets-api-go/internal/services/asset_service.go:188.18,193.3 1 1
assets-api-go/internal/services/asset_service.go:195.2,196.16 2 1
assets-api-go/internal/services/asset_service.go:196.16,202.3 2 1
assets-api-go/internal/services/asset_service.go:204.2,211.16 7 1
assets-api-go/internal/services/asset_service.go:211.16,214.17 3 1
assets-api-go/internal/services/asset_service.go:214.17,216.4 1 1
assets-api-go/internal/services/asset_service.go:217.3,220.4 1 1
assets-api-go/internal/services/asset_service.go:223.2,224.16 2 1
assets-api-go/internal/services/asset_service.go:224.16,227.17 3 1
assets-api-go/internal/services/asset_service.go:227.17,229.4 1 1
assets-api-go/internal/services/asset_service.go:230.3,233.4 1 1
assets-api-go/internal/services/asset_service.go:236.2,249.3 2 1
assets-api-go/internal/services/asset_service.go:252.86,257.16 2 1
assets-api-go/internal/services/asset_service.go:257.16,263.3 2 1
assets-api-go/internal/services/asset_service.go:265.2,265.18 1 1
assets-api-go/internal/services/asset_service.go:265.18,270.3 1 1
assets-api-go/internal/services/asset_service.go:272.2,274.16 3 1
assets-api-go/internal/services/asset_service.go:274.16,277.17 3 1
assets-api-go/internal/services/asset_service.go:277.17,279.4 1 1
assets-api-go/internal/services/asset_service.go:280.3,283.4 1 1
assets-api-go/internal/services/asset_service.go:285.2,286.16 2 1
assets-api-go/internal/services/asset_service.go:286.16,289.17 3 1
assets-api-go/internal/services/asset_service.go:289.17,291.4 1 1
assets-api-go/internal/services/asset_service.go:292.3,295.4 1 1
assets-api-go/internal/services/asset_service.go:298.2,300.3 1 1
